-------------------------------------------------------------------------------
[12:27PM] NGL configured with 
[12:27PM] OpenGL 4.5.0 NVIDIA 530.30.02
[12:27PM] GLSL version 4.50 NVIDIA
-------------------------------------------------------------------------------
[12:27PM] creating empty ShaderProgram nglTextShader
[12:27PM] just attached nglTextVertex to ngl::ShaderLib
[12:27PM] just attached nglTextFragment to ngl::ShaderLib
[12:27PM] Compiling Shader nglTextVertex
[12:27PM] Compiling Shader nglTextFragment
[12:27PM] nglTextVertex attached to program
[12:27PM] nglTextFragment attached to program
[12:27PM] Linking nglTextShader
[12:27PM] linking Shader nglTextShader 
FOUND UNIFORM BLOCKS 0
FOUND UNIFORM BLOCKS 0
[12:27PM] creating empty ShaderProgram nglColourShader
[12:27PM] just attached nglColourVertex to ngl::ShaderLib
[12:27PM] just attached nglColourFragment to ngl::ShaderLib
[12:27PM] Compiling Shader nglColourVertex
[12:27PM] Compiling Shader nglColourFragment
[12:27PM] nglColourVertex attached to program
[12:27PM] nglColourFragment attached to program
[12:27PM] Linking nglColourShader
[12:27PM] linking Shader nglColourShader 
FOUND UNIFORM BLOCKS 0
FOUND UNIFORM BLOCKS 0
[12:27PM] creating empty ShaderProgram nglDiffuseShader
[12:27PM] just attached nglDiffuseVertex to ngl::ShaderLib
[12:27PM] just attached nglDiffuseFragment to ngl::ShaderLib
[12:27PM] Compiling Shader nglDiffuseVertex
[12:27PM] Compiling Shader nglDiffuseFragment
[12:27PM] nglDiffuseVertex attached to program
[12:27PM] nglDiffuseFragment attached to program
[12:27PM] Linking nglDiffuseShader
[12:27PM] linking Shader nglDiffuseShader 
FOUND UNIFORM BLOCKS 0
FOUND UNIFORM BLOCKS 0
[12:27PM] creating empty ShaderProgram nglCheckerShader
[12:27PM] just attached nglCheckerVertex to ngl::ShaderLib
[12:27PM] just attached nglCheckerFragment to ngl::ShaderLib
[12:27PM] Compiling Shader nglCheckerVertex
[12:27PM] Compiling Shader nglCheckerFragment
[12:27PM] nglCheckerVertex attached to program
[12:27PM] nglCheckerFragment attached to program
[12:27PM] Linking nglCheckerShader
[12:27PM] linking Shader nglCheckerShader 
FOUND UNIFORM BLOCKS 0
FOUND UNIFORM BLOCKS 0
[12:27PM] creating empty ShaderProgram PBR
[12:27PM] just attached PBRVertex to ngl::ShaderLib
[12:27PM] just attached PBRFragment to ngl::ShaderLib
[12:27PM] Compiling Shader PBRVertex
[12:27PM] Compiling Shader PBRFragment
[12:27PM] PBRVertex attached to program
[12:27PM] PBRFragment attached to program
[12:27PM] Linking PBR
[12:27PM] linking Shader PBR 
FOUND UNIFORM BLOCKS 1
Uniform Block TransformUBO 0 12
